<?xml version="1.0" encoding="UTF-8"?>
<!-- Generated by org.testng.reporters.JUnitReportReporter -->
<testsuite hostname="abc" failures="0" tests="2" name="TestCases.BestSellerTest" time="2.756" errors="0" timestamp="2021-06-01T20:00:05 IST" skipped="0">
  <testcase classname="TestCases.BestSellerTest" name="openSellerPage" time="2.607"/>
  <system-out/>
  <testcase classname="TestCases.BestSellerTest" name="link" time="0.149"/>
  <system-out/>
</testsuite> <!-- TestCases.BestSellerTest -->
