<?xml version="1.0" encoding="UTF-8"?>
<!-- Generated by org.testng.reporters.JUnitReportReporter -->
<testsuite hostname="abc" failures="0" tests="1" name="TestCases.LoginTest" time="8.114" errors="0" timestamp="2021-06-01T20:00:05 IST" skipped="0">
  <testcase classname="TestCases.LoginTest" name="validSignIn" time="8.114"/>
  <system-out/>
</testsuite> <!-- TestCases.LoginTest -->
